<?xml version="1.0" encoding="UTF-8"?>
<testsuite name="restassured.GetAllContactsRA" tests="1" skipped="0" failures="0" errors="0" timestamp="2022-07-10T13:16:20" hostname="ARTEMKA" time="0.218">
  <properties/>
  <testcase name="getAllContacts" classname="restassured.GetAllContactsRA" time="0.218"/>
  <system-out><![CDATA[Total contacts = 4
ContactDto(id=1094, name=Ivan-2526, lastName=Perov, email=Dog@mail.ru, phone=035689-2526, address=Rome, description=Friend)
***************
ContactDto(id=1095, name=Ivan-2526, lastName=Perov, email=Dog@mail.ru, phone=035689-2526, address=Rome, description=Friend)
***************
ContactDto(id=1096, name=Ivan-2526, lastName=Perov, email=Dog@mail.ru, phone=035689-2526, address=Rome, description=Friend)
***************
ContactDto(id=1097, name=Ivan-2526, lastName=Perov, email=Dog@mail.ru, phone=035689-2526, address=Rome, description=Friend)
***************
]]></system-out>
  <system-err><![CDATA[]]></system-err>
</testsuite>
