<?xml version="1.0" encoding="UTF-8"?>
<testsuite name="okhttp.DeleteContactByID" tests="1" skipped="0" failures="0" errors="0" timestamp="2022-07-07T07:53:51" hostname="DESKTOP-KF54E9L" time="0.158">
  <properties/>
  <testcase name="deleteContactByIDSuccess" classname="okhttp.DeleteContactByID" time="0.158"/>
  <system-out><![CDATA[Contact with ID =865 was deleted
]]></system-out>
  <system-err><![CDATA[]]></system-err>
</testsuite>
