<?xml version="1.0" encoding="UTF-8"?>
<testsuite name="okhttp.GetAllContacts" tests="1" skipped="0" failures="0" errors="0" timestamp="2022-07-07T08:15:24" hostname="DESKTOP-KF54E9L" time="0.669">
  <properties/>
  <testcase name="getAllContactsSuccess" classname="okhttp.GetAllContacts" time="0.669"/>
  <system-out><![CDATA[ContactDto(id=866, name=John-3114, lastName=Dow-3124, email=gfr@gmail.com, phone=035882-3114, address=Tel Aviv, description=Private)
*********************************
ContactDto(id=867, name=John-3103, lastName=Dow-3113, email=gfr@gmail.com, phone=035882-3103, address=Tel Aviv, description=Private)
*********************************
ContactDto(id=860, name=John-2835, lastName=Dow-2845, email=gfr@gmail.com, phone=035882-2835, address=Tel Aviv, description=Private)
*********************************
ContactDto(id=861, name=John-2835, lastName=Dow-2845, email=gfr@gmail.com, phone=035882-2835, address=Tel Aviv, description=Private)
*********************************
ContactDto(id=862, name=John-2835, lastName=Dow-2845, email=gfr@gmail.com, phone=035882-2835, address=Tel Aviv, description=Private)
*********************************
]]></system-out>
  <system-err><![CDATA[]]></system-err>
</testsuite>
