<?xml version="1.0" encoding="UTF-8"?>
<testsuite name="okhttp.LoginTests" tests="2" skipped="0" failures="0" errors="0" timestamp="2022-07-06T15:37:19" hostname="DESKTOP-KF54E9L" time="0.725">
  <properties/>
  <testcase name="loginSuccess" classname="okhttp.LoginTests" time="0.615"/>
  <testcase name="loginWrongEmail" classname="okhttp.LoginTests" time="0.102"/>
  <system-out><![CDATA[eyJ0eXAiOiJKV1QiLCJhbGciOiJIUzI1NiJ9.eyJlbWFpbCI6Ik9vbGxhYUBnbWFpbC5jb20ifQ.DRvj59OcD8Fm4JNHvdPlsAaX2pXmDVv-w6OtT3s5NTo
Wrong email format! Example: name@mail.com
uri=/api/login
]]></system-out>
  <system-err><![CDATA[]]></system-err>
</testsuite>
